0 info it worked if it ends with ok
1 verbose cli [ '/Users/luhtonen/.nvm/versions/node/v5.1.0/bin/node',
1 verbose cli   '/Users/luhtonen/.nvm/versions/node/v5.1.0/bin/npm',
1 verbose cli   'start' ]
2 info using npm@3.3.12
3 info using node@v5.1.0
4 verbose run-script [ 'prestart', 'start', 'poststart' ]
5 info lifecycle reactjs-getting-started@0.0.1~prestart: reactjs-getting-started@0.0.1
6 silly lifecycle reactjs-getting-started@0.0.1~prestart: no script for prestart, continuing
7 info lifecycle reactjs-getting-started@0.0.1~start: reactjs-getting-started@0.0.1
8 verbose lifecycle reactjs-getting-started@0.0.1~start: unsafe-perm in lifecycle true
9 verbose lifecycle reactjs-getting-started@0.0.1~start: PATH: /Users/luhtonen/.nvm/versions/node/v5.1.0/lib/node_modules/npm/bin/node-gyp-bin:/Users/luhtonen/Documents/Development/Projects/learning-projects/JavaScript/reactjs-getting-started/node_modules/.bin:/Users/luhtonen/.rbenv/shims:/Users/luhtonen/.sdkman/candidates/grails/current/bin:/Users/luhtonen/.rvm/bin:/Users/luhtonen/.nvm/versions/node/v5.1.0/bin:/usr/local/bin:/usr/bin:/bin:/usr/sbin:/sbin:/opt/X11/bin:/Users/luhtonen/.rvm/bin
10 verbose lifecycle reactjs-getting-started@0.0.1~start: CWD: /Users/luhtonen/Documents/Development/Projects/learning-projects/JavaScript/reactjs-getting-started
11 silly lifecycle reactjs-getting-started@0.0.1~start: Args: [ '-c', 'webpack-dev-server --hot --progress --colors' ]
12 silly lifecycle reactjs-getting-started@0.0.1~start: Returned: code: 1  signal: null
13 info lifecycle reactjs-getting-started@0.0.1~start: Failed to exec start script
14 verbose stack Error: reactjs-getting-started@0.0.1 start: `webpack-dev-server --hot --progress --colors`
14 verbose stack Exit status 1
14 verbose stack     at EventEmitter.<anonymous> (/Users/luhtonen/.nvm/versions/node/v5.1.0/lib/node_modules/npm/lib/utils/lifecycle.js:232:16)
14 verbose stack     at emitTwo (events.js:87:13)
14 verbose stack     at EventEmitter.emit (events.js:172:7)
14 verbose stack     at ChildProcess.<anonymous> (/Users/luhtonen/.nvm/versions/node/v5.1.0/lib/node_modules/npm/lib/utils/spawn.js:24:14)
14 verbose stack     at emitTwo (events.js:87:13)
14 verbose stack     at ChildProcess.emit (events.js:172:7)
14 verbose stack     at maybeClose (internal/child_process.js:818:16)
14 verbose stack     at Process.ChildProcess._handle.onexit (internal/child_process.js:211:5)
15 verbose pkgid reactjs-getting-started@0.0.1
16 verbose cwd /Users/luhtonen/Documents/Development/Projects/learning-projects/JavaScript/reactjs-getting-started
17 error Darwin 15.2.0
18 error argv "/Users/luhtonen/.nvm/versions/node/v5.1.0/bin/node" "/Users/luhtonen/.nvm/versions/node/v5.1.0/bin/npm" "start"
19 error node v5.1.0
20 error npm  v3.3.12
21 error code ELIFECYCLE
22 error reactjs-getting-started@0.0.1 start: `webpack-dev-server --hot --progress --colors`
22 error Exit status 1
23 error Failed at the reactjs-getting-started@0.0.1 start script 'webpack-dev-server --hot --progress --colors'.
23 error Make sure you have the latest version of node.js and npm installed.
23 error If you do, this is most likely a problem with the reactjs-getting-started package,
23 error not with npm itself.
23 error Tell the author that this fails on your system:
23 error     webpack-dev-server --hot --progress --colors
23 error You can get their info via:
23 error     npm owner ls reactjs-getting-started
23 error There is likely additional logging output above.
24 verbose exit [ 1, true ]
